<?xml version="1.0" encoding="UTF-8"?>
<testng-results skipped="0" failed="0" ignored="0" total="1" passed="1">
  <reporter-output>
  </reporter-output>
  <suite name="Default suite" duration-ms="14402" started-at="2020-02-10T12:41:00 IST" finished-at="2020-02-10T12:41:15 IST">
    <groups>
    </groups>
    <test name="Default test" duration-ms="14402" started-at="2020-02-10T12:41:00 IST" finished-at="2020-02-10T12:41:15 IST">
      <class name="VerifyLogin">
        <test-method status="PASS" signature="verifylogin()[pri:0, instance:VerifyLogin@5f9d02cb]" name="verifylogin" duration-ms="14309" started-at="2020-02-10T12:41:00 IST" finished-at="2020-02-10T12:41:15 IST">
          <reporter-output>
          </reporter-output>
        </test-method> <!-- verifylogin -->
      </class> <!-- VerifyLogin -->
    </test> <!-- Default test -->
  </suite> <!-- Default suite -->
</testng-results>
